# JRE version: Java(TM) SE Runtime Environment (8.0_191-b12) (build 1.8.0_191-b12)
# Java VM: Java HotSpot(TM) Client VM (25.191-b12 mixed mode windows-x86 )
Heap:
 def new generation   total 134016K, used 19185K [0x05200000, 0x0e360000, 0x0fca0000)
  eden space 119168K,  10% used [0x05200000, 0x05e83498, 0x0c660000)
  from space 14848K,  42% used [0x0c660000, 0x0cc99058, 0x0d4e0000)
  to   space 14848K,   0% used [0x0d4e0000, 0x0d4e0000, 0x0e360000)
 tenured generation   total 297640K, used 288749K [0x0fca0000, 0x21f4a000, 0x25200000)
   the space 297640K,  97% used [0x0fca0000, 0x2169b7b0, 0x2169b800, 0x21f4a000)
 Metaspace       used 22398K, capacity 22973K, committed 23040K, reserved 23936K
GC Heap History (10 events):
Event: 265650.034 GC heap before
{Heap before GC invocations=37 (full 3):
 def new generation   total 134016K, used 123003K [0x05200000, 0x0e360000, 0x0fca0000)
  eden space 119168K, 100% used [0x05200000, 0x0c660000, 0x0c660000)
  from space 14848K,  25% used [0x0d4e0000, 0x0d89ef40, 0x0e360000)
  to   space 14848K,   0% used [0x0c660000, 0x0c660000, 0x0d4e0000)
 tenured generation   total 297640K, used 273556K [0x0fca0000, 0x21f4a000, 0x25200000)
   the space 297640K,  91% used [0x0fca0000, 0x207c51c8, 0x207c5200, 0x21f4a000)
 Metaspace       used 22397K, capacity 22970K, committed 23040K, reserved 23936K
Event: 265650.039 GC heap after
Heap after GC invocations=38 (full 3):
 def new generation   total 134016K, used 4373K [0x05200000, 0x0e360000, 0x0fca0000)
  eden space 119168K,   0% used [0x05200000, 0x05200000, 0x0c660000)
  from space 14848K,  29% used [0x0c660000, 0x0caa5480, 0x0d4e0000)
  to   space 14848K,   0% used [0x0d4e0000, 0x0d4e0000, 0x0e360000)
 tenured generation   total 297640K, used 273556K [0x0fca0000, 0x21f4a000, 0x25200000)
   the space 297640K,  91% used [0x0fca0000, 0x207c51c8, 0x207c5200, 0x21f4a000)
 Metaspace       used 22397K, capacity 22970K, committed 23040K, reserved 23936K
}
Event: 265934.387 GC heap before
{Heap before GC invocations=38 (full 3):
 def new generation   total 134016K, used 123541K [0x05200000, 0x0e360000, 0x0fca0000)
  eden space 119168K, 100% used [0x05200000, 0x0c660000, 0x0c660000)
  from space 14848K,  29% used [0x0c660000, 0x0caa5480, 0x0d4e0000)
  to   space 14848K,   0% used [0x0d4e0000, 0x0d4e0000, 0x0e360000)
 tenured generation   total 297640K, used 273556K [0x0fca0000, 0x21f4a000, 0x25200000)
   the space 297640K,  91% used [0x0fca0000, 0x207c51c8, 0x207c5200, 0x21f4a000)
 Metaspace       used 22397K, capacity 22970K, committed 23040K, reserved 23936K
Event: 265934.394 GC heap after
Heap after GC invocations=39 (full 3):
 def new generation   total 134016K, used 9799K [0x05200000, 0x0e360000, 0x0fca0000)
  eden space 119168K,   0% used [0x05200000, 0x05200000, 0x0c660000)
  from space 14848K,  65% used [0x0d4e0000, 0x0de71d48, 0x0e360000)
  to   space 14848K,   0% used [0x0c660000, 0x0c660000, 0x0d4e0000)
 tenured generation   total 297640K, used 273556K [0x0fca0000, 0x21f4a000, 0x25200000)
   the space 297640K,  91% used [0x0fca0000, 0x207c51c8, 0x207c5200, 0x21f4a000)
 Metaspace       used 22397K, capacity 22970K, committed 23040K, reserved 23936K
}
Event: 266230.323 GC heap before
{Heap before GC invocations=39 (full 3):
 def new generation   total 134016K, used 128967K [0x05200000, 0x0e360000, 0x0fca0000)
  eden space 119168K, 100% used [0x05200000, 0x0c660000, 0x0c660000)
  from space 14848K,  65% used [0x0d4e0000, 0x0de71d48, 0x0e360000)
  to   space 14848K,   0% used [0x0c660000, 0x0c660000, 0x0d4e0000)
 tenured generation   total 297640K, used 273556K [0x0fca0000, 0x21f4a000, 0x25200000)
   the space 297640K,  91% used [0x0fca0000, 0x207c51c8, 0x207c5200, 0x21f4a000)
 Metaspace       used 22398K, capacity 22973K, committed 23040K, reserved 23936K
Event: 266230.333 GC heap after
Heap after GC invocations=40 (full 3):
 def new generation   total 134016K, used 12935K [0x05200000, 0x0e360000, 0x0fca0000)
  eden space 119168K,   0% used [0x05200000, 0x05200000, 0x0c660000)
  from space 14848K,  87% used [0x0c660000, 0x0d301fc8, 0x0d4e0000)
  to   space 14848K,   0% used [0x0d4e0000, 0x0d4e0000, 0x0e360000)
 tenured generation   total 297640K, used 276316K [0x0fca0000, 0x21f4a000, 0x25200000)
   the space 297640K,  92% used [0x0fca0000, 0x20a77050, 0x20a77200, 0x21f4a000)
 Metaspace       used 22398K, capacity 22973K, committed 23040K, reserved 23936K
}
Event: 266399.173 GC heap before
{Heap before GC invocations=40 (full 3):
 def new generation   total 134016K, used 132103K [0x05200000, 0x0e360000, 0x0fca0000)
  eden space 119168K, 100% used [0x05200000, 0x0c660000, 0x0c660000)
  from space 14848K,  87% used [0x0c660000, 0x0d301fc8, 0x0d4e0000)
  to   space 14848K,   0% used [0x0d4e0000, 0x0d4e0000, 0x0e360000)
 tenured generation   total 297640K, used 276316K [0x0fca0000, 0x21f4a000, 0x25200000)
   the space 297640K,  92% used [0x0fca0000, 0x20a77050, 0x20a77200, 0x21f4a000)
 Metaspace       used 22398K, capacity 22973K, committed 23040K, reserved 23936K
Event: 266399.185 GC heap after
Heap after GC invocations=41 (full 3):
 def new generation   total 134016K, used 9882K [0x05200000, 0x0e360000, 0x0fca0000)
  eden space 119168K,   0% used [0x05200000, 0x05200000, 0x0c660000)
  from space 14848K,  66% used [0x0d4e0000, 0x0de86bd8, 0x0e360000)
  to   space 14848K,   0% used [0x0c660000, 0x0c660000, 0x0d4e0000)
 tenured generation   total 297640K, used 282480K [0x0fca0000, 0x21f4a000, 0x25200000)
   the space 297640K,  94% used [0x0fca0000, 0x2107c1f0, 0x2107c200, 0x21f4a000)
 Metaspace       used 22398K, capacity 22973K, committed 23040K, reserved 23936K
}
Event: 267098.872 GC heap before
{Heap before GC invocations=41 (full 3):
 def new generation   total 134016K, used 129050K [0x05200000, 0x0e360000, 0x0fca0000)
  eden space 119168K, 100% used [0x05200000, 0x0c660000, 0x0c660000)
  from space 14848K,  66% used [0x0d4e0000, 0x0de86bd8, 0x0e360000)
  to   space 14848K,   0% used [0x0c660000, 0x0c660000, 0x0d4e0000)
 tenured generation   total 297640K, used 282480K [0x0fca0000, 0x21f4a000, 0x25200000)
   the space 297640K,  94% used [0x0fca0000, 0x2107c1f0, 0x2107c200, 0x21f4a000)
 Metaspace       used 22398K, capacity 22973K, committed 23040K, reserved 23936K
Event: 267098.884 GC heap after
Heap after GC invocations=42 (full 3):
 def new generation   total 134016K, used 6372K [0x05200000, 0x0e360000, 0x0fca0000)
  eden space 119168K,   0% used [0x05200000, 0x05200000, 0x0c660000)
  from space 14848K,  42% used [0x0c660000, 0x0cc99058, 0x0d4e0000)
  to   space 14848K,   0% used [0x0d4e0000, 0x0d4e0000, 0x0e360000)
 tenured generation   total 297640K, used 288749K [0x0fca0000, 0x21f4a000, 0x25200000)
   the space 297640K,  97% used [0x0fca0000, 0x2169b7b0, 0x2169b800, 0x21f4a000)
 Metaspace       used 22398K, capacity 22973K, committed 23040K, reserved 23936K
}

